CRITICAL - 2022-04-22 11:48:20 --> Undefined variable $cliente
#0 C:\xampp\htdocs\curso-Ci4\1-projeto-Ci4\app\Views\funcionarios\index.php(134): CodeIgniter\Debug\Exceptions->errorHandler(2, 'Undefined varia...', 'C:\\xampp\\htdocs...', 134)
#1 C:\xampp\htdocs\curso-Ci4\1-projeto-Ci4\system\View\View.php(210): include('C:\\xampp\\htdocs...')
#2 C:\xampp\htdocs\curso-Ci4\1-projeto-Ci4\system\View\View.php(213): CodeIgniter\View\View->CodeIgniter\View\{closure}()
#3 C:\xampp\htdocs\curso-Ci4\1-projeto-Ci4\system\Common.php(1089): CodeIgniter\View\View->render('funcionarios/in...', Array, true)
#4 C:\xampp\htdocs\curso-Ci4\1-projeto-Ci4\app\Controllers\Funcionarios.php(24): view('funcionarios/in...', Array)
#5 C:\xampp\htdocs\curso-Ci4\1-projeto-Ci4\system\CodeIgniter.php(832): App\Controllers\Funcionarios->index()
#6 C:\xampp\htdocs\curso-Ci4\1-projeto-Ci4\system\CodeIgniter.php(419): CodeIgniter\CodeIgniter->runController(Object(App\Controllers\Funcionarios))
#7 C:\xampp\htdocs\curso-Ci4\1-projeto-Ci4\system\CodeIgniter.php(326): CodeIgniter\CodeIgniter->handleRequest(NULL, Object(Config\Cache), false)
#8 C:\xampp\htdocs\curso-Ci4\1-projeto-Ci4\public\index.php(37): CodeIgniter\CodeIgniter->run()
#9 {main}
CRITICAL - 2022-04-22 17:16:58 --> Undefined array key "dia_de_pagamento"
#0 C:\xampp\htdocs\curso-Ci4\1-projeto-Ci4\app\Views\funcionarios\form.php(107): CodeIgniter\Debug\Exceptions->errorHandler(2, 'Undefined array...', 'C:\\xampp\\htdocs...', 107)
#1 C:\xampp\htdocs\curso-Ci4\1-projeto-Ci4\system\View\View.php(210): include('C:\\xampp\\htdocs...')
#2 C:\xampp\htdocs\curso-Ci4\1-projeto-Ci4\system\View\View.php(213): CodeIgniter\View\View->CodeIgniter\View\{closure}()
#3 C:\xampp\htdocs\curso-Ci4\1-projeto-Ci4\system\Common.php(1089): CodeIgniter\View\View->render('funcionarios/fo...', Array, true)
#4 C:\xampp\htdocs\curso-Ci4\1-projeto-Ci4\app\Controllers\Funcionarios.php(45): view('funcionarios/fo...', Array)
#5 C:\xampp\htdocs\curso-Ci4\1-projeto-Ci4\system\CodeIgniter.php(832): App\Controllers\Funcionarios->editar('4')
#6 C:\xampp\htdocs\curso-Ci4\1-projeto-Ci4\system\CodeIgniter.php(419): CodeIgniter\CodeIgniter->runController(Object(App\Controllers\Funcionarios))
#7 C:\xampp\htdocs\curso-Ci4\1-projeto-Ci4\system\CodeIgniter.php(326): CodeIgniter\CodeIgniter->handleRequest(NULL, Object(Config\Cache), false)
#8 C:\xampp\htdocs\curso-Ci4\1-projeto-Ci4\public\index.php(37): CodeIgniter\CodeIgniter->run()
#9 {main}
CRITICAL - 2022-04-22 21:54:39 --> Cannot use isset() on the result of an expression (you can use "null !== expression" instead)
#0 [internal function]: CodeIgniter\Debug\Exceptions->shutdownHandler()
#1 {main}
ERROR - 2022-04-22 22:55:38 --> Unknown column 'id_cliente' in 'where clause'
CRITICAL - 2022-04-22 22:55:38 --> Unknown column 'id_cliente' in 'where clause'
#0 C:\xampp\htdocs\curso-Ci4\1-projeto-Ci4\system\Database\MySQLi\Connection.php(292): mysqli->query('SELECT *\nFROM `...', 0)
#1 C:\xampp\htdocs\curso-Ci4\1-projeto-Ci4\system\Database\BaseConnection.php(670): CodeIgniter\Database\MySQLi\Connection->execute('SELECT *\nFROM `...')
#2 C:\xampp\htdocs\curso-Ci4\1-projeto-Ci4\system\Database\BaseConnection.php(598): CodeIgniter\Database\BaseConnection->simpleQuery('SELECT *\nFROM `...')
#3 C:\xampp\htdocs\curso-Ci4\1-projeto-Ci4\system\Database\BaseBuilder.php(1455): CodeIgniter\Database\BaseConnection->query('SELECT *\nFROM `...', Array, false)
#4 C:\xampp\htdocs\curso-Ci4\1-projeto-Ci4\system\Model.php(210): CodeIgniter\Database\BaseBuilder->get()
#5 C:\xampp\htdocs\curso-Ci4\1-projeto-Ci4\system\BaseModel.php(622): CodeIgniter\Model->doFirst()
#6 C:\xampp\htdocs\curso-Ci4\1-projeto-Ci4\app\Controllers\Funcionarios.php(33): CodeIgniter\BaseModel->first()
#7 C:\xampp\htdocs\curso-Ci4\1-projeto-Ci4\system\CodeIgniter.php(832): App\Controllers\Funcionarios->ver('1')
#8 C:\xampp\htdocs\curso-Ci4\1-projeto-Ci4\system\CodeIgniter.php(419): CodeIgniter\CodeIgniter->runController(Object(App\Controllers\Funcionarios))
#9 C:\xampp\htdocs\curso-Ci4\1-projeto-Ci4\system\CodeIgniter.php(326): CodeIgniter\CodeIgniter->handleRequest(NULL, Object(Config\Cache), false)
#10 C:\xampp\htdocs\curso-Ci4\1-projeto-Ci4\public\index.php(37): CodeIgniter\CodeIgniter->run()
#11 {main}
CRITICAL - 2022-04-22 22:58:11 --> Invalid file: funcionario/ver.php
#0 C:\xampp\htdocs\curso-Ci4\1-projeto-Ci4\system\View\View.php(198): CodeIgniter\Exceptions\FrameworkException::forInvalidFile('funcionario/ver...')
#1 C:\xampp\htdocs\curso-Ci4\1-projeto-Ci4\system\Common.php(1089): CodeIgniter\View\View->render('funcionario/ver', Array, true)
#2 C:\xampp\htdocs\curso-Ci4\1-projeto-Ci4\app\Controllers\Funcionarios.php(36): view('funcionario/ver', Array)
#3 C:\xampp\htdocs\curso-Ci4\1-projeto-Ci4\system\CodeIgniter.php(832): App\Controllers\Funcionarios->ver('1')
#4 C:\xampp\htdocs\curso-Ci4\1-projeto-Ci4\system\CodeIgniter.php(419): CodeIgniter\CodeIgniter->runController(Object(App\Controllers\Funcionarios))
#5 C:\xampp\htdocs\curso-Ci4\1-projeto-Ci4\system\CodeIgniter.php(326): CodeIgniter\CodeIgniter->handleRequest(NULL, Object(Config\Cache), false)
#6 C:\xampp\htdocs\curso-Ci4\1-projeto-Ci4\public\index.php(37): CodeIgniter\CodeIgniter->run()
#7 {main}
CRITICAL - 2022-04-22 22:59:42 --> Invalid file: funcionario/ver.php
#0 C:\xampp\htdocs\curso-Ci4\1-projeto-Ci4\system\View\View.php(198): CodeIgniter\Exceptions\FrameworkException::forInvalidFile('funcionario/ver...')
#1 C:\xampp\htdocs\curso-Ci4\1-projeto-Ci4\system\Common.php(1089): CodeIgniter\View\View->render('funcionario/ver', Array, true)
#2 C:\xampp\htdocs\curso-Ci4\1-projeto-Ci4\app\Controllers\Funcionarios.php(36): view('funcionario/ver', Array)
#3 C:\xampp\htdocs\curso-Ci4\1-projeto-Ci4\system\CodeIgniter.php(832): App\Controllers\Funcionarios->ver('1')
#4 C:\xampp\htdocs\curso-Ci4\1-projeto-Ci4\system\CodeIgniter.php(419): CodeIgniter\CodeIgniter->runController(Object(App\Controllers\Funcionarios))
#5 C:\xampp\htdocs\curso-Ci4\1-projeto-Ci4\system\CodeIgniter.php(326): CodeIgniter\CodeIgniter->handleRequest(NULL, Object(Config\Cache), false)
#6 C:\xampp\htdocs\curso-Ci4\1-projeto-Ci4\public\index.php(37): CodeIgniter\CodeIgniter->run()
#7 {main}
CRITICAL - 2022-04-22 23:03:09 --> Invalid file: funcionario/ver.php
#0 C:\xampp\htdocs\curso-Ci4\1-projeto-Ci4\system\View\View.php(198): CodeIgniter\Exceptions\FrameworkException::forInvalidFile('funcionario/ver...')
#1 C:\xampp\htdocs\curso-Ci4\1-projeto-Ci4\system\Common.php(1089): CodeIgniter\View\View->render('funcionario/ver', Array, true)
#2 C:\xampp\htdocs\curso-Ci4\1-projeto-Ci4\app\Controllers\Funcionarios.php(36): view('funcionario/ver', Array)
#3 C:\xampp\htdocs\curso-Ci4\1-projeto-Ci4\system\CodeIgniter.php(832): App\Controllers\Funcionarios->ver('1')
#4 C:\xampp\htdocs\curso-Ci4\1-projeto-Ci4\system\CodeIgniter.php(419): CodeIgniter\CodeIgniter->runController(Object(App\Controllers\Funcionarios))
#5 C:\xampp\htdocs\curso-Ci4\1-projeto-Ci4\system\CodeIgniter.php(326): CodeIgniter\CodeIgniter->handleRequest(NULL, Object(Config\Cache), false)
#6 C:\xampp\htdocs\curso-Ci4\1-projeto-Ci4\public\index.php(37): CodeIgniter\CodeIgniter->run()
#7 {main}
CRITICAL - 2022-04-22 23:07:00 --> Invalid file: funcionario/ver.php
#0 C:\xampp\htdocs\curso-Ci4\1-projeto-Ci4\system\View\View.php(198): CodeIgniter\Exceptions\FrameworkException::forInvalidFile('funcionario/ver...')
#1 C:\xampp\htdocs\curso-Ci4\1-projeto-Ci4\system\Common.php(1089): CodeIgniter\View\View->render('funcionario/ver', Array, true)
#2 C:\xampp\htdocs\curso-Ci4\1-projeto-Ci4\app\Controllers\Funcionarios.php(36): view('funcionario/ver', Array)
#3 C:\xampp\htdocs\curso-Ci4\1-projeto-Ci4\system\CodeIgniter.php(832): App\Controllers\Funcionarios->ver('3')
#4 C:\xampp\htdocs\curso-Ci4\1-projeto-Ci4\system\CodeIgniter.php(419): CodeIgniter\CodeIgniter->runController(Object(App\Controllers\Funcionarios))
#5 C:\xampp\htdocs\curso-Ci4\1-projeto-Ci4\system\CodeIgniter.php(326): CodeIgniter\CodeIgniter->handleRequest(NULL, Object(Config\Cache), false)
#6 C:\xampp\htdocs\curso-Ci4\1-projeto-Ci4\public\index.php(37): CodeIgniter\CodeIgniter->run()
#7 {main}
CRITICAL - 2022-04-22 23:10:10 --> Invalid file: funcionario/ver.php
#0 C:\xampp\htdocs\curso-Ci4\1-projeto-Ci4\system\View\View.php(198): CodeIgniter\Exceptions\FrameworkException::forInvalidFile('funcionario/ver...')
#1 C:\xampp\htdocs\curso-Ci4\1-projeto-Ci4\system\Common.php(1089): CodeIgniter\View\View->render('funcionario/ver', Array, true)
#2 C:\xampp\htdocs\curso-Ci4\1-projeto-Ci4\app\Controllers\Funcionarios.php(36): view('funcionario/ver', Array)
#3 C:\xampp\htdocs\curso-Ci4\1-projeto-Ci4\system\CodeIgniter.php(832): App\Controllers\Funcionarios->ver('1')
#4 C:\xampp\htdocs\curso-Ci4\1-projeto-Ci4\system\CodeIgniter.php(419): CodeIgniter\CodeIgniter->runController(Object(App\Controllers\Funcionarios))
#5 C:\xampp\htdocs\curso-Ci4\1-projeto-Ci4\system\CodeIgniter.php(326): CodeIgniter\CodeIgniter->handleRequest(NULL, Object(Config\Cache), false)
#6 C:\xampp\htdocs\curso-Ci4\1-projeto-Ci4\public\index.php(37): CodeIgniter\CodeIgniter->run()
#7 {main}
CRITICAL - 2022-04-22 23:13:24 --> Invalid file: funcionario/ver.php
#0 C:\xampp\htdocs\curso-Ci4\1-projeto-Ci4\system\View\View.php(198): CodeIgniter\Exceptions\FrameworkException::forInvalidFile('funcionario/ver...')
#1 C:\xampp\htdocs\curso-Ci4\1-projeto-Ci4\system\Common.php(1089): CodeIgniter\View\View->render('funcionario/ver', Array, true)
#2 C:\xampp\htdocs\curso-Ci4\1-projeto-Ci4\app\Controllers\Funcionarios.php(36): view('funcionario/ver', Array)
#3 C:\xampp\htdocs\curso-Ci4\1-projeto-Ci4\system\CodeIgniter.php(832): App\Controllers\Funcionarios->ver('1')
#4 C:\xampp\htdocs\curso-Ci4\1-projeto-Ci4\system\CodeIgniter.php(419): CodeIgniter\CodeIgniter->runController(Object(App\Controllers\Funcionarios))
#5 C:\xampp\htdocs\curso-Ci4\1-projeto-Ci4\system\CodeIgniter.php(326): CodeIgniter\CodeIgniter->handleRequest(NULL, Object(Config\Cache), false)
#6 C:\xampp\htdocs\curso-Ci4\1-projeto-Ci4\public\index.php(37): CodeIgniter\CodeIgniter->run()
#7 {main}
CRITICAL - 2022-04-22 23:13:36 --> Invalid file: funcionario/ver.php
#0 C:\xampp\htdocs\curso-Ci4\1-projeto-Ci4\system\View\View.php(198): CodeIgniter\Exceptions\FrameworkException::forInvalidFile('funcionario/ver...')
#1 C:\xampp\htdocs\curso-Ci4\1-projeto-Ci4\system\Common.php(1089): CodeIgniter\View\View->render('funcionario/ver', Array, true)
#2 C:\xampp\htdocs\curso-Ci4\1-projeto-Ci4\app\Controllers\Funcionarios.php(36): view('funcionario/ver', Array)
#3 C:\xampp\htdocs\curso-Ci4\1-projeto-Ci4\system\CodeIgniter.php(832): App\Controllers\Funcionarios->ver('12')
#4 C:\xampp\htdocs\curso-Ci4\1-projeto-Ci4\system\CodeIgniter.php(419): CodeIgniter\CodeIgniter->runController(Object(App\Controllers\Funcionarios))
#5 C:\xampp\htdocs\curso-Ci4\1-projeto-Ci4\system\CodeIgniter.php(326): CodeIgniter\CodeIgniter->handleRequest(NULL, Object(Config\Cache), false)
#6 C:\xampp\htdocs\curso-Ci4\1-projeto-Ci4\public\index.php(37): CodeIgniter\CodeIgniter->run()
#7 {main}
CRITICAL - 2022-04-22 23:56:03 --> Too few arguments to function App\Controllers\Funcionarios::delete(), 0 passed in C:\xampp\htdocs\curso-Ci4\1-projeto-Ci4\system\CodeIgniter.php on line 832 and exactly 1 expected
#0 C:\xampp\htdocs\curso-Ci4\1-projeto-Ci4\system\CodeIgniter.php(832): App\Controllers\Funcionarios->delete()
#1 C:\xampp\htdocs\curso-Ci4\1-projeto-Ci4\system\CodeIgniter.php(419): CodeIgniter\CodeIgniter->runController(Object(App\Controllers\Funcionarios))
#2 C:\xampp\htdocs\curso-Ci4\1-projeto-Ci4\system\CodeIgniter.php(326): CodeIgniter\CodeIgniter->handleRequest(NULL, Object(Config\Cache), false)
#3 C:\xampp\htdocs\curso-Ci4\1-projeto-Ci4\public\index.php(37): CodeIgniter\CodeIgniter->run()
#4 {main}
CRITICAL - 2022-04-22 23:56:53 --> Too few arguments to function App\Controllers\Funcionarios::delete(), 0 passed in C:\xampp\htdocs\curso-Ci4\1-projeto-Ci4\system\CodeIgniter.php on line 832 and exactly 1 expected
#0 C:\xampp\htdocs\curso-Ci4\1-projeto-Ci4\system\CodeIgniter.php(832): App\Controllers\Funcionarios->delete()
#1 C:\xampp\htdocs\curso-Ci4\1-projeto-Ci4\system\CodeIgniter.php(419): CodeIgniter\CodeIgniter->runController(Object(App\Controllers\Funcionarios))
#2 C:\xampp\htdocs\curso-Ci4\1-projeto-Ci4\system\CodeIgniter.php(326): CodeIgniter\CodeIgniter->handleRequest(NULL, Object(Config\Cache), false)
#3 C:\xampp\htdocs\curso-Ci4\1-projeto-Ci4\public\index.php(37): CodeIgniter\CodeIgniter->run()
#4 {main}
CRITICAL - 2022-04-22 23:57:07 --> Too few arguments to function App\Controllers\Funcionarios::delete(), 0 passed in C:\xampp\htdocs\curso-Ci4\1-projeto-Ci4\system\CodeIgniter.php on line 832 and exactly 1 expected
#0 C:\xampp\htdocs\curso-Ci4\1-projeto-Ci4\system\CodeIgniter.php(832): App\Controllers\Funcionarios->delete()
#1 C:\xampp\htdocs\curso-Ci4\1-projeto-Ci4\system\CodeIgniter.php(419): CodeIgniter\CodeIgniter->runController(Object(App\Controllers\Funcionarios))
#2 C:\xampp\htdocs\curso-Ci4\1-projeto-Ci4\system\CodeIgniter.php(326): CodeIgniter\CodeIgniter->handleRequest(NULL, Object(Config\Cache), false)
#3 C:\xampp\htdocs\curso-Ci4\1-projeto-Ci4\public\index.php(37): CodeIgniter\CodeIgniter->run()
#4 {main}
