CRITICAL - 2022-04-17 20:54:51 --> Undefined array key "htts"
#0 C:\xampp\htdocs\CodeIgniter4\1-projeto-Ci4\system\HTTP\URI.php(342): CodeIgniter\Debug\Exceptions->errorHandler(2, 'Undefined array...', 'C:\\xampp\\htdocs...', 342)
#1 C:\xampp\htdocs\CodeIgniter4\1-projeto-Ci4\system\CodeIgniter.php(682): CodeIgniter\HTTP\URI->getAuthority()
#2 C:\xampp\htdocs\CodeIgniter4\1-projeto-Ci4\system\CodeIgniter.php(604): CodeIgniter\CodeIgniter->generateCacheName(Object(Config\Cache))
#3 C:\xampp\htdocs\CodeIgniter4\1-projeto-Ci4\system\CodeIgniter.php(313): CodeIgniter\CodeIgniter->displayCache(Object(Config\Cache))
#4 C:\xampp\htdocs\CodeIgniter4\1-projeto-Ci4\public\index.php(37): CodeIgniter\CodeIgniter->run()
#5 {main}
CRITICAL - 2022-04-17 20:54:51 --> Undefined array key "htts"
#0 C:\xampp\htdocs\CodeIgniter4\1-projeto-Ci4\system\HTTP\URI.php(342): CodeIgniter\Debug\Exceptions->errorHandler(2, 'Undefined array...', 'C:\\xampp\\htdocs...', 342)
#1 C:\xampp\htdocs\CodeIgniter4\1-projeto-Ci4\system\CodeIgniter.php(682): CodeIgniter\HTTP\URI->getAuthority()
#2 C:\xampp\htdocs\CodeIgniter4\1-projeto-Ci4\system\CodeIgniter.php(604): CodeIgniter\CodeIgniter->generateCacheName(Object(Config\Cache))
#3 C:\xampp\htdocs\CodeIgniter4\1-projeto-Ci4\system\CodeIgniter.php(313): CodeIgniter\CodeIgniter->displayCache(Object(Config\Cache))
#4 C:\xampp\htdocs\CodeIgniter4\1-projeto-Ci4\public\index.php(37): CodeIgniter\CodeIgniter->run()
#5 {main}
CRITICAL - 2022-04-17 20:54:51 --> Uncaught ErrorException: Undefined array key "htts" in C:\xampp\htdocs\CodeIgniter4\1-projeto-Ci4\system\HTTP\URI.php:342
Stack trace:
#0 C:\xampp\htdocs\CodeIgniter4\1-projeto-Ci4\system\HTTP\URI.php(342): CodeIgniter\Debug\Exceptions->errorHandler(2, 'Undefined array...', 'C:\\xampp\\htdocs...', 342)
#1 C:\xampp\htdocs\CodeIgniter4\1-projeto-Ci4\system\HTTP\URI.php(606): CodeIgniter\HTTP\URI->getAuthority()
#2 C:\xampp\htdocs\CodeIgniter4\1-projeto-Ci4\app\Views\errors\html\error_exception.php(198): CodeIgniter\HTTP\URI->__toString()
#3 C:\xampp\htdocs\CodeIgniter4\1-projeto-Ci4\system\Debug\Exceptions.php(234): include('C:\\xampp\\htdocs...')
#4 C:\xampp\htdocs\CodeIgniter4\1-projeto-Ci4\system\Debug\Exceptions.php(237): CodeIgniter\Debug\Exceptions->CodeIgniter\Debug\{closure}()
#5 C:\xampp\htdocs\CodeIgniter4\1-projeto-Ci4\system\Debug\Exceptions.php(121): CodeIgniter\Debug\Exceptions->render(Object(ErrorException), 500)
#6 [internal function]: CodeIgniter\Debug\Exceptions->exceptionHandler(Object(ErrorException))
#7 {main}
  thrown
#0 [internal function]: CodeIgniter\Debug\Exceptions->shutdownHandler()
#1 {main}
CRITICAL - 2022-04-17 20:54:51 --> Uncaught ErrorException: Undefined array key "htts" in C:\xampp\htdocs\CodeIgniter4\1-projeto-Ci4\system\HTTP\URI.php:342
Stack trace:
#0 C:\xampp\htdocs\CodeIgniter4\1-projeto-Ci4\system\HTTP\URI.php(342): CodeIgniter\Debug\Exceptions->errorHandler(2, 'Undefined array...', 'C:\\xampp\\htdocs...', 342)
#1 C:\xampp\htdocs\CodeIgniter4\1-projeto-Ci4\system\HTTP\URI.php(606): CodeIgniter\HTTP\URI->getAuthority()
#2 C:\xampp\htdocs\CodeIgniter4\1-projeto-Ci4\app\Views\errors\html\error_exception.php(198): CodeIgniter\HTTP\URI->__toString()
#3 C:\xampp\htdocs\CodeIgniter4\1-projeto-Ci4\system\Debug\Exceptions.php(234): include('C:\\xampp\\htdocs...')
#4 C:\xampp\htdocs\CodeIgniter4\1-projeto-Ci4\system\Debug\Exceptions.php(237): CodeIgniter\Debug\Exceptions->CodeIgniter\Debug\{closure}()
#5 C:\xampp\htdocs\CodeIgniter4\1-projeto-Ci4\system\Debug\Exceptions.php(121): CodeIgniter\Debug\Exceptions->render(Object(ErrorException), 500)
#6 [internal function]: CodeIgniter\Debug\Exceptions->exceptionHandler(Object(ErrorException))
#7 {main}
  thrown
#0 [internal function]: CodeIgniter\Debug\Exceptions->shutdownHandler()
#1 {main}
CRITICAL - 2022-04-17 21:00:20 --> Undefined array key "htts"
#0 C:\xampp\htdocs\1-projeto-Ci4\system\HTTP\URI.php(342): CodeIgniter\Debug\Exceptions->errorHandler(2, 'Undefined array...', 'C:\\xampp\\htdocs...', 342)
#1 C:\xampp\htdocs\1-projeto-Ci4\system\CodeIgniter.php(682): CodeIgniter\HTTP\URI->getAuthority()
#2 C:\xampp\htdocs\1-projeto-Ci4\system\CodeIgniter.php(604): CodeIgniter\CodeIgniter->generateCacheName(Object(Config\Cache))
#3 C:\xampp\htdocs\1-projeto-Ci4\system\CodeIgniter.php(313): CodeIgniter\CodeIgniter->displayCache(Object(Config\Cache))
#4 C:\xampp\htdocs\1-projeto-Ci4\public\index.php(37): CodeIgniter\CodeIgniter->run()
#5 {main}
CRITICAL - 2022-04-17 21:00:20 --> Uncaught ErrorException: Undefined array key "htts" in C:\xampp\htdocs\1-projeto-Ci4\system\HTTP\URI.php:342
Stack trace:
#0 C:\xampp\htdocs\1-projeto-Ci4\system\HTTP\URI.php(342): CodeIgniter\Debug\Exceptions->errorHandler(2, 'Undefined array...', 'C:\\xampp\\htdocs...', 342)
#1 C:\xampp\htdocs\1-projeto-Ci4\system\HTTP\URI.php(606): CodeIgniter\HTTP\URI->getAuthority()
#2 C:\xampp\htdocs\1-projeto-Ci4\app\Views\errors\html\error_exception.php(198): CodeIgniter\HTTP\URI->__toString()
#3 C:\xampp\htdocs\1-projeto-Ci4\system\Debug\Exceptions.php(234): include('C:\\xampp\\htdocs...')
#4 C:\xampp\htdocs\1-projeto-Ci4\system\Debug\Exceptions.php(237): CodeIgniter\Debug\Exceptions->CodeIgniter\Debug\{closure}()
#5 C:\xampp\htdocs\1-projeto-Ci4\system\Debug\Exceptions.php(121): CodeIgniter\Debug\Exceptions->render(Object(ErrorException), 500)
#6 [internal function]: CodeIgniter\Debug\Exceptions->exceptionHandler(Object(ErrorException))
#7 {main}
  thrown
#0 [internal function]: CodeIgniter\Debug\Exceptions->shutdownHandler()
#1 {main}
