CRITICAL - 2022-04-18 13:09:20 --> syntax error, unexpected token "}", expecting "," or ";"
#0 C:\xampp\htdocs\curso-Ci4\1-projeto-Ci4\system\Router\Router.php(175): CodeIgniter\Router\Router->autoRoute('clientes/novo')
#1 C:\xampp\htdocs\curso-Ci4\1-projeto-Ci4\system\CodeIgniter.php(726): CodeIgniter\Router\Router->handle('clientes/novo')
#2 C:\xampp\htdocs\curso-Ci4\1-projeto-Ci4\system\CodeIgniter.php(368): CodeIgniter\CodeIgniter->tryToRouteIt(Object(CodeIgniter\Router\RouteCollection))
#3 C:\xampp\htdocs\curso-Ci4\1-projeto-Ci4\system\CodeIgniter.php(326): CodeIgniter\CodeIgniter->handleRequest(NULL, Object(Config\Cache), false)
#4 C:\xampp\htdocs\curso-Ci4\1-projeto-Ci4\public\index.php(37): CodeIgniter\CodeIgniter->run()
#5 {main}
CRITICAL - 2022-04-18 18:53:50 --> Call to a member function insert() on null
#0 C:\xampp\htdocs\curso-Ci4\1-projeto-Ci4\system\CodeIgniter.php(832): App\Controllers\Clientes->store()
#1 C:\xampp\htdocs\curso-Ci4\1-projeto-Ci4\system\CodeIgniter.php(419): CodeIgniter\CodeIgniter->runController(Object(App\Controllers\Clientes))
#2 C:\xampp\htdocs\curso-Ci4\1-projeto-Ci4\system\CodeIgniter.php(326): CodeIgniter\CodeIgniter->handleRequest(NULL, Object(Config\Cache), false)
#3 C:\xampp\htdocs\curso-Ci4\1-projeto-Ci4\public\index.php(37): CodeIgniter\CodeIgniter->run()
#4 {main}
CRITICAL - 2022-04-18 18:56:21 --> Undefined variable $cliente_model
#0 C:\xampp\htdocs\curso-Ci4\1-projeto-Ci4\app\Controllers\Clientes.php(14): CodeIgniter\Debug\Exceptions->errorHandler(2, 'Undefined varia...', 'C:\\xampp\\htdocs...', 14)
#1 C:\xampp\htdocs\curso-Ci4\1-projeto-Ci4\system\CodeIgniter.php(809): App\Controllers\Clientes->__construct()
#2 C:\xampp\htdocs\curso-Ci4\1-projeto-Ci4\system\CodeIgniter.php(410): CodeIgniter\CodeIgniter->createController()
#3 C:\xampp\htdocs\curso-Ci4\1-projeto-Ci4\system\CodeIgniter.php(326): CodeIgniter\CodeIgniter->handleRequest(NULL, Object(Config\Cache), false)
#4 C:\xampp\htdocs\curso-Ci4\1-projeto-Ci4\public\index.php(37): CodeIgniter\CodeIgniter->run()
#5 {main}
CRITICAL - 2022-04-18 20:18:46 --> Undefined array key "noome"
#0 C:\xampp\htdocs\curso-Ci4\1-projeto-Ci4\app\Views\clientes\index.php(51): CodeIgniter\Debug\Exceptions->errorHandler(2, 'Undefined array...', 'C:\\xampp\\htdocs...', 51)
#1 C:\xampp\htdocs\curso-Ci4\1-projeto-Ci4\system\View\View.php(210): include('C:\\xampp\\htdocs...')
#2 C:\xampp\htdocs\curso-Ci4\1-projeto-Ci4\system\View\View.php(213): CodeIgniter\View\View->CodeIgniter\View\{closure}()
#3 C:\xampp\htdocs\curso-Ci4\1-projeto-Ci4\system\Common.php(1089): CodeIgniter\View\View->render('clientes/index', Array, true)
#4 C:\xampp\htdocs\curso-Ci4\1-projeto-Ci4\app\Controllers\Clientes.php(26): view('clientes/index', Array)
#5 C:\xampp\htdocs\curso-Ci4\1-projeto-Ci4\system\CodeIgniter.php(832): App\Controllers\Clientes->index()
#6 C:\xampp\htdocs\curso-Ci4\1-projeto-Ci4\system\CodeIgniter.php(419): CodeIgniter\CodeIgniter->runController(Object(App\Controllers\Clientes))
#7 C:\xampp\htdocs\curso-Ci4\1-projeto-Ci4\system\CodeIgniter.php(326): CodeIgniter\CodeIgniter->handleRequest(NULL, Object(Config\Cache), false)
#8 C:\xampp\htdocs\curso-Ci4\1-projeto-Ci4\public\index.php(37): CodeIgniter\CodeIgniter->run()
#9 C:\xampp\htdocs\curso-Ci4\1-projeto-Ci4\system\Commands\Server\rewrite.php(43): require_once('C:\\xampp\\htdocs...')
#10 {main}
