CRITICAL - 2022-04-19 10:24:59 --> syntax error, unexpected token ")", expecting variable
#0 C:\xampp\htdocs\curso-Ci4\1-projeto-Ci4\system\Router\Router.php(175): CodeIgniter\Router\Router->autoRoute('clientes/editar...')
#1 C:\xampp\htdocs\curso-Ci4\1-projeto-Ci4\system\CodeIgniter.php(726): CodeIgniter\Router\Router->handle('clientes/editar...')
#2 C:\xampp\htdocs\curso-Ci4\1-projeto-Ci4\system\CodeIgniter.php(368): CodeIgniter\CodeIgniter->tryToRouteIt(Object(CodeIgniter\Router\RouteCollection))
#3 C:\xampp\htdocs\curso-Ci4\1-projeto-Ci4\system\CodeIgniter.php(326): CodeIgniter\CodeIgniter->handleRequest(NULL, Object(Config\Cache), false)
#4 C:\xampp\htdocs\curso-Ci4\1-projeto-Ci4\public\index.php(37): CodeIgniter\CodeIgniter->run()
#5 {main}
CRITICAL - 2022-04-19 11:30:16 --> Trying to access array offset on value of type null
#0 C:\xampp\htdocs\curso-Ci4\1-projeto-Ci4\app\Views\clientes\editar.php(39): CodeIgniter\Debug\Exceptions->errorHandler(2, 'Trying to acces...', 'C:\\xampp\\htdocs...', 39)
#1 C:\xampp\htdocs\curso-Ci4\1-projeto-Ci4\system\View\View.php(210): include('C:\\xampp\\htdocs...')
#2 C:\xampp\htdocs\curso-Ci4\1-projeto-Ci4\system\View\View.php(213): CodeIgniter\View\View->CodeIgniter\View\{closure}()
#3 C:\xampp\htdocs\curso-Ci4\1-projeto-Ci4\system\Common.php(1089): CodeIgniter\View\View->render('clientes/editar', Array, true)
#4 C:\xampp\htdocs\curso-Ci4\1-projeto-Ci4\app\Controllers\Clientes.php(47): view('clientes/editar', Array)
#5 C:\xampp\htdocs\curso-Ci4\1-projeto-Ci4\system\CodeIgniter.php(832): App\Controllers\Clientes->editar('{$dados['id_cli...')
#6 C:\xampp\htdocs\curso-Ci4\1-projeto-Ci4\system\CodeIgniter.php(419): CodeIgniter\CodeIgniter->runController(Object(App\Controllers\Clientes))
#7 C:\xampp\htdocs\curso-Ci4\1-projeto-Ci4\system\CodeIgniter.php(326): CodeIgniter\CodeIgniter->handleRequest(NULL, Object(Config\Cache), false)
#8 C:\xampp\htdocs\curso-Ci4\1-projeto-Ci4\public\index.php(37): CodeIgniter\CodeIgniter->run()
#9 {main}
CRITICAL - 2022-04-19 11:30:17 --> Trying to access array offset on value of type null
#0 C:\xampp\htdocs\curso-Ci4\1-projeto-Ci4\app\Views\clientes\editar.php(39): CodeIgniter\Debug\Exceptions->errorHandler(2, 'Trying to acces...', 'C:\\xampp\\htdocs...', 39)
#1 C:\xampp\htdocs\curso-Ci4\1-projeto-Ci4\system\View\View.php(210): include('C:\\xampp\\htdocs...')
#2 C:\xampp\htdocs\curso-Ci4\1-projeto-Ci4\system\View\View.php(213): CodeIgniter\View\View->CodeIgniter\View\{closure}()
#3 C:\xampp\htdocs\curso-Ci4\1-projeto-Ci4\system\Common.php(1089): CodeIgniter\View\View->render('clientes/editar', Array, true)
#4 C:\xampp\htdocs\curso-Ci4\1-projeto-Ci4\app\Controllers\Clientes.php(47): view('clientes/editar', Array)
#5 C:\xampp\htdocs\curso-Ci4\1-projeto-Ci4\system\CodeIgniter.php(832): App\Controllers\Clientes->editar('{$dados['id_cli...')
#6 C:\xampp\htdocs\curso-Ci4\1-projeto-Ci4\system\CodeIgniter.php(419): CodeIgniter\CodeIgniter->runController(Object(App\Controllers\Clientes))
#7 C:\xampp\htdocs\curso-Ci4\1-projeto-Ci4\system\CodeIgniter.php(326): CodeIgniter\CodeIgniter->handleRequest(NULL, Object(Config\Cache), false)
#8 C:\xampp\htdocs\curso-Ci4\1-projeto-Ci4\public\index.php(37): CodeIgniter\CodeIgniter->run()
#9 {main}
CRITICAL - 2022-04-19 11:30:18 --> Trying to access array offset on value of type null
#0 C:\xampp\htdocs\curso-Ci4\1-projeto-Ci4\app\Views\clientes\editar.php(39): CodeIgniter\Debug\Exceptions->errorHandler(2, 'Trying to acces...', 'C:\\xampp\\htdocs...', 39)
#1 C:\xampp\htdocs\curso-Ci4\1-projeto-Ci4\system\View\View.php(210): include('C:\\xampp\\htdocs...')
#2 C:\xampp\htdocs\curso-Ci4\1-projeto-Ci4\system\View\View.php(213): CodeIgniter\View\View->CodeIgniter\View\{closure}()
#3 C:\xampp\htdocs\curso-Ci4\1-projeto-Ci4\system\Common.php(1089): CodeIgniter\View\View->render('clientes/editar', Array, true)
#4 C:\xampp\htdocs\curso-Ci4\1-projeto-Ci4\app\Controllers\Clientes.php(47): view('clientes/editar', Array)
#5 C:\xampp\htdocs\curso-Ci4\1-projeto-Ci4\system\CodeIgniter.php(832): App\Controllers\Clientes->editar('{$dados['id_cli...')
#6 C:\xampp\htdocs\curso-Ci4\1-projeto-Ci4\system\CodeIgniter.php(419): CodeIgniter\CodeIgniter->runController(Object(App\Controllers\Clientes))
#7 C:\xampp\htdocs\curso-Ci4\1-projeto-Ci4\system\CodeIgniter.php(326): CodeIgniter\CodeIgniter->handleRequest(NULL, Object(Config\Cache), false)
#8 C:\xampp\htdocs\curso-Ci4\1-projeto-Ci4\public\index.php(37): CodeIgniter\CodeIgniter->run()
#9 {main}
CRITICAL - 2022-04-19 11:30:23 --> Trying to access array offset on value of type null
#0 C:\xampp\htdocs\curso-Ci4\1-projeto-Ci4\app\Views\clientes\editar.php(39): CodeIgniter\Debug\Exceptions->errorHandler(2, 'Trying to acces...', 'C:\\xampp\\htdocs...', 39)
#1 C:\xampp\htdocs\curso-Ci4\1-projeto-Ci4\system\View\View.php(210): include('C:\\xampp\\htdocs...')
#2 C:\xampp\htdocs\curso-Ci4\1-projeto-Ci4\system\View\View.php(213): CodeIgniter\View\View->CodeIgniter\View\{closure}()
#3 C:\xampp\htdocs\curso-Ci4\1-projeto-Ci4\system\Common.php(1089): CodeIgniter\View\View->render('clientes/editar', Array, true)
#4 C:\xampp\htdocs\curso-Ci4\1-projeto-Ci4\app\Controllers\Clientes.php(47): view('clientes/editar', Array)
#5 C:\xampp\htdocs\curso-Ci4\1-projeto-Ci4\system\CodeIgniter.php(832): App\Controllers\Clientes->editar('{$dados['id_cli...')
#6 C:\xampp\htdocs\curso-Ci4\1-projeto-Ci4\system\CodeIgniter.php(419): CodeIgniter\CodeIgniter->runController(Object(App\Controllers\Clientes))
#7 C:\xampp\htdocs\curso-Ci4\1-projeto-Ci4\system\CodeIgniter.php(326): CodeIgniter\CodeIgniter->handleRequest(NULL, Object(Config\Cache), false)
#8 C:\xampp\htdocs\curso-Ci4\1-projeto-Ci4\public\index.php(37): CodeIgniter\CodeIgniter->run()
#9 {main}
